<?xml version="1.0" encoding="UTF-8"?>
<!-- Generated by org.testng.reporters.JUnitXMLReporter -->
<testsuite ignored="0" hostname="DESKTOP-1BNEP2T" failures="0" tests="10" name="Default test" time="243.59" errors="0" timestamp="30 Nov 2022 13:23:36 GMT">
  <testcase classname="tests.Tests" name="Login_Page" time="83.233"/>
  <testcase classname="tests.Tests" name="Attend_Class_Page" time="36.521"/>
  <testcase classname="tests.Tests" name="Take_Test_Page" time="20.438"/>
  <testcase classname="tests.Tests" name="Pay_Fees_Page" time="7.054"/>
  <testcase classname="tests.Tests" name="Teachers_Dashboard_Page" time="9.251"/>
  <testcase classname="tests.Tests" name="Take_a_Break_Page" time="4.968"/>
  <testcase classname="tests.Tests" name="Resume_Class_Page" time="29.467"/>
  <testcase classname="tests.Tests" name="Report_Class_Page" time="6.575"/>
  <testcase classname="tests.Tests" name="Student_Attendance_Page" time="9.685"/>
  <testcase classname="tests.Tests" name="Logout_Page" time="29.125"/>
</testsuite> <!-- Default test -->
