<?xml version="1.0" encoding="UTF-8"?>
<!-- Generated by org.testng.reporters.JUnitXMLReporter -->
<testsuite ignored="4" hostname="DESKTOP-1BNEP2T" failures="1" tests="10" name="Test" time="2.351" errors="0" timestamp="27 Nov 2022 20:45:39 GMT">
  <testcase classname="tests.Tests" name="Login_Page" time="0.014">
    <failure type="java.lang.NullPointerException" message="Cannot invoke &amp;quot;com.aventstack.extentreports.ExtentReports.createTest(String, String)&amp;quot; because &amp;quot;this.extent&amp;quot; is null">
      <![CDATA[java.lang.NullPointerException: Cannot invoke "com.aventstack.extentreports.ExtentReports.createTest(String, String)" because "this.extent" is null
at tests.Tests.Login_Page(Tests.java:34)
... Removed 23 stack frames]]>
    </failure>
  </testcase> <!-- Login_Page -->
  <testcase classname="tests.Tests" name="Attend_Class_Page" time="0.0">
    <skipped/>
  </testcase> <!-- Attend_Class_Page -->
  <testcase classname="tests.Tests" name="Take_Test_Page" time="0.0">
    <skipped/>
  </testcase> <!-- Take_Test_Page -->
  <testcase classname="tests.Tests" name="Pay_Fees_Page" time="0.0">
    <skipped/>
  </testcase> <!-- Pay_Fees_Page -->
  <testcase classname="tests.Tests" name="Teachers_Dashboard_Page" time="0.0">
    <skipped/>
  </testcase> <!-- Teachers_Dashboard_Page -->
  <testcase classname="tests.Tests" name="Take_a_Break_Page" time="0.0">
    <skipped/>
  </testcase> <!-- Take_a_Break_Page -->
  <testcase classname="tests.Tests" name="Resume_Class_Page" time="0.0">
    <skipped/>
  </testcase> <!-- Resume_Class_Page -->
  <testcase classname="tests.Tests" name="Report_Class_Page" time="0.0">
    <skipped/>
  </testcase> <!-- Report_Class_Page -->
  <testcase classname="tests.Tests" name="Student_Attendance_Page" time="0.0">
    <skipped/>
  </testcase> <!-- Student_Attendance_Page -->
  <testcase classname="tests.Tests" name="Logout_Page" time="0.0">
    <skipped/>
  </testcase> <!-- Logout_Page -->
  <testcase classname="tests.ExtentReportsDemo" name="@AfterSuite reportTeardown" time="0.0">
    <ignored/>
  </testcase> <!-- @AfterSuite reportTeardown -->
  <testcase classname="tests.BaseClass" name="@AfterSuite teardown" time="0.0">
    <ignored/>
  </testcase> <!-- @AfterSuite teardown -->
  <testcase classname="tests.ExtentReportsDemo" name="@BeforeSuite reportSetup" time="0.0">
    <ignored/>
  </testcase> <!-- @BeforeSuite reportSetup -->
  <testcase classname="tests.BaseClass" name="@BeforeSuite setup" time="0.0">
    <ignored/>
  </testcase> <!-- @BeforeSuite setup -->
</testsuite> <!-- Test -->
